<?xml version="1.0" encoding="UTF-8"?>
<!-- Generated by org.testng.reporters.JUnitXMLReporter -->
<testsuite ignored="0" hostname="LAPTOP-1EDU4TP0" failures="0" tests="7" name="Test" time="93.325" errors="0" timestamp="2024-08-08T11:33:07 IST">
  <testcase classname="com.store.TestCases.SignUp" name="testSignUpFunction" time="4.519"/>
  <testcase classname="com.store.TestCases.Login" name="testLogin" time="8.167"/>
  <testcase classname="com.store.TestCases.Login" name="testInvalidUsernameandpassword" time="6.695"/>
  <testcase classname="com.store.TestCases.ContactPage" name="testContactForm" time="9.863"/>
  <testcase classname="com.store.TestCases.HomePage" name="testHomeFunction" time="2.675"/>
  <testcase classname="com.store.TestCases.PlaceOrderPage" name="placeOrder" time="18.351"/>
  <testcase classname="com.store.TestCases.CartPage" name="testCartFunction" time="10.627"/>
</testsuite> <!-- Test -->
